Determining if the pthread_create exist failed with the following output:
Change Dir: /home/ajitesh/projects/hometec/surveillance/poc2/dlib/build/CMakeFiles/CMakeTmp

Run Build Command:"/usr/bin/make" "cmTC_ea5b9/fast"
/usr/bin/make -f CMakeFiles/cmTC_ea5b9.dir/build.make CMakeFiles/cmTC_ea5b9.dir/build
make[1]: Entering directory '/home/ajitesh/projects/hometec/surveillance/poc2/dlib/build/CMakeFiles/CMakeTmp'
Building C object CMakeFiles/cmTC_ea5b9.dir/CheckSymbolExists.c.o
/usr/bin/cc    -o CMakeFiles/cmTC_ea5b9.dir/CheckSymbolExists.c.o   -c /home/ajitesh/projects/hometec/surveillance/poc2/dlib/build/CMakeFiles/CMakeTmp/CheckSymbolExists.c
Linking C executable cmTC_ea5b9
/usr/bin/cmake -E cmake_link_script CMakeFiles/cmTC_ea5b9.dir/link.txt --verbose=1
/usr/bin/cc      -rdynamic CMakeFiles/cmTC_ea5b9.dir/CheckSymbolExists.c.o  -o cmTC_ea5b9 
CMakeFiles/cmTC_ea5b9.dir/CheckSymbolExists.c.o: In function `main':
CheckSymbolExists.c:(.text+0x15): undefined reference to `pthread_create'
collect2: error: ld returned 1 exit status
CMakeFiles/cmTC_ea5b9.dir/build.make:97: recipe for target 'cmTC_ea5b9' failed
make[1]: *** [cmTC_ea5b9] Error 1
make[1]: Leaving directory '/home/ajitesh/projects/hometec/surveillance/poc2/dlib/build/CMakeFiles/CMakeTmp'
Makefile:126: recipe for target 'cmTC_ea5b9/fast' failed
make: *** [cmTC_ea5b9/fast] Error 2

File /home/ajitesh/projects/hometec/surveillance/poc2/dlib/build/CMakeFiles/CMakeTmp/CheckSymbolExists.c:
/* */
#include <pthread.h>

int main(int argc, char** argv)
{
  (void)argv;
#ifndef pthread_create
  return ((int*)(&pthread_create))[argc];
#else
  (void)argc;
  return 0;
#endif
}

Determining if the function pthread_create exists in the pthreads failed with the following output:
Change Dir: /home/ajitesh/projects/hometec/surveillance/poc2/dlib/build/CMakeFiles/CMakeTmp

Run Build Command:"/usr/bin/make" "cmTC_ea228/fast"
/usr/bin/make -f CMakeFiles/cmTC_ea228.dir/build.make CMakeFiles/cmTC_ea228.dir/build
make[1]: Entering directory '/home/ajitesh/projects/hometec/surveillance/poc2/dlib/build/CMakeFiles/CMakeTmp'
Building C object CMakeFiles/cmTC_ea228.dir/CheckFunctionExists.c.o
/usr/bin/cc   -DCHECK_FUNCTION_EXISTS=pthread_create   -o CMakeFiles/cmTC_ea228.dir/CheckFunctionExists.c.o   -c /usr/share/cmake-3.10/Modules/CheckFunctionExists.c
Linking C executable cmTC_ea228
/usr/bin/cmake -E cmake_link_script CMakeFiles/cmTC_ea228.dir/link.txt --verbose=1
/usr/bin/cc  -DCHECK_FUNCTION_EXISTS=pthread_create    -rdynamic CMakeFiles/cmTC_ea228.dir/CheckFunctionExists.c.o  -o cmTC_ea228 -lpthreads 
/usr/bin/ld: cannot find -lpthreads
collect2: error: ld returned 1 exit status
CMakeFiles/cmTC_ea228.dir/build.make:97: recipe for target 'cmTC_ea228' failed
make[1]: *** [cmTC_ea228] Error 1
make[1]: Leaving directory '/home/ajitesh/projects/hometec/surveillance/poc2/dlib/build/CMakeFiles/CMakeTmp'
Makefile:126: recipe for target 'cmTC_ea228/fast' failed
make: *** [cmTC_ea228/fast] Error 2


Determining if the function cblas_ddot exists failed with the following output:
Change Dir: /home/ajitesh/projects/hometec/surveillance/poc2/dlib/build/CMakeFiles/CMakeTmp

Run Build Command:"/usr/bin/make" "cmTC_284b4/fast"
/usr/bin/make -f CMakeFiles/cmTC_284b4.dir/build.make CMakeFiles/cmTC_284b4.dir/build
make[1]: Entering directory '/home/ajitesh/projects/hometec/surveillance/poc2/dlib/build/CMakeFiles/CMakeTmp'
Building C object CMakeFiles/cmTC_284b4.dir/CheckFunctionExists.c.o
/usr/bin/cc   -DCHECK_FUNCTION_EXISTS=cblas_ddot   -o CMakeFiles/cmTC_284b4.dir/CheckFunctionExists.c.o   -c /usr/share/cmake-3.10/Modules/CheckFunctionExists.c
Linking C executable cmTC_284b4
/usr/bin/cmake -E cmake_link_script CMakeFiles/cmTC_284b4.dir/link.txt --verbose=1
/usr/bin/cc  -DCHECK_FUNCTION_EXISTS=cblas_ddot    -rdynamic CMakeFiles/cmTC_284b4.dir/CheckFunctionExists.c.o  -o cmTC_284b4 
CMakeFiles/cmTC_284b4.dir/CheckFunctionExists.c.o: In function `main':
CheckFunctionExists.c:(.text+0x22): undefined reference to `cblas_ddot'
collect2: error: ld returned 1 exit status
CMakeFiles/cmTC_284b4.dir/build.make:97: recipe for target 'cmTC_284b4' failed
make[1]: *** [cmTC_284b4] Error 1
make[1]: Leaving directory '/home/ajitesh/projects/hometec/surveillance/poc2/dlib/build/CMakeFiles/CMakeTmp'
Makefile:126: recipe for target 'cmTC_284b4/fast' failed
make: *** [cmTC_284b4/fast] Error 2


Determining if the function sgesv exists failed with the following output:
Change Dir: /home/ajitesh/projects/hometec/surveillance/poc2/dlib/build/CMakeFiles/CMakeTmp

Run Build Command:"/usr/bin/make" "cmTC_b0c6e/fast"
/usr/bin/make -f CMakeFiles/cmTC_b0c6e.dir/build.make CMakeFiles/cmTC_b0c6e.dir/build
make[1]: Entering directory '/home/ajitesh/projects/hometec/surveillance/poc2/dlib/build/CMakeFiles/CMakeTmp'
Building C object CMakeFiles/cmTC_b0c6e.dir/CheckFunctionExists.c.o
/usr/bin/cc   -DCHECK_FUNCTION_EXISTS=sgesv   -o CMakeFiles/cmTC_b0c6e.dir/CheckFunctionExists.c.o   -c /usr/share/cmake-3.10/Modules/CheckFunctionExists.c
Linking C executable cmTC_b0c6e
/usr/bin/cmake -E cmake_link_script CMakeFiles/cmTC_b0c6e.dir/link.txt --verbose=1
/usr/bin/cc  -DCHECK_FUNCTION_EXISTS=sgesv    -rdynamic CMakeFiles/cmTC_b0c6e.dir/CheckFunctionExists.c.o  -o cmTC_b0c6e 
CMakeFiles/cmTC_b0c6e.dir/CheckFunctionExists.c.o: In function `main':
CheckFunctionExists.c:(.text+0x22): undefined reference to `sgesv'
collect2: error: ld returned 1 exit status
CMakeFiles/cmTC_b0c6e.dir/build.make:97: recipe for target 'cmTC_b0c6e' failed
make[1]: *** [cmTC_b0c6e] Error 1
make[1]: Leaving directory '/home/ajitesh/projects/hometec/surveillance/poc2/dlib/build/CMakeFiles/CMakeTmp'
Makefile:126: recipe for target 'cmTC_b0c6e/fast' failed
make: *** [cmTC_b0c6e/fast] Error 2


Determining if the function sgesv_ exists failed with the following output:
Change Dir: /home/ajitesh/projects/hometec/surveillance/poc2/dlib/build/CMakeFiles/CMakeTmp

Run Build Command:"/usr/bin/make" "cmTC_1b024/fast"
/usr/bin/make -f CMakeFiles/cmTC_1b024.dir/build.make CMakeFiles/cmTC_1b024.dir/build
make[1]: Entering directory '/home/ajitesh/projects/hometec/surveillance/poc2/dlib/build/CMakeFiles/CMakeTmp'
Building C object CMakeFiles/cmTC_1b024.dir/CheckFunctionExists.c.o
/usr/bin/cc   -DCHECK_FUNCTION_EXISTS=sgesv_   -o CMakeFiles/cmTC_1b024.dir/CheckFunctionExists.c.o   -c /usr/share/cmake-3.10/Modules/CheckFunctionExists.c
Linking C executable cmTC_1b024
/usr/bin/cmake -E cmake_link_script CMakeFiles/cmTC_1b024.dir/link.txt --verbose=1
/usr/bin/cc  -DCHECK_FUNCTION_EXISTS=sgesv_    -rdynamic CMakeFiles/cmTC_1b024.dir/CheckFunctionExists.c.o  -o cmTC_1b024 
CMakeFiles/cmTC_1b024.dir/CheckFunctionExists.c.o: In function `main':
CheckFunctionExists.c:(.text+0x22): undefined reference to `sgesv_'
collect2: error: ld returned 1 exit status
CMakeFiles/cmTC_1b024.dir/build.make:97: recipe for target 'cmTC_1b024' failed
make[1]: *** [cmTC_1b024] Error 1
make[1]: Leaving directory '/home/ajitesh/projects/hometec/surveillance/poc2/dlib/build/CMakeFiles/CMakeTmp'
Makefile:126: recipe for target 'cmTC_1b024/fast' failed
make: *** [cmTC_1b024/fast] Error 2


